# JRE version: Java(TM) SE Runtime Environment (11.0.1+13) (build 11.0.1+13-LTS)
# Java VM: Java HotSpot(TM) 64-Bit Server VM (11.0.1+13-LTS, mixed mode, tiered, compressed oops, g1 gc, windows-amd64)
Heap:
 garbage-first heap   total 262144K, used 84992K [0x0000000701000000, 0x0000000800000000)
  region size 1024K, 15 young (15360K), 13 survivors (13312K)
 Metaspace       used 58118K, capacity 59357K, committed 59440K, reserved 1101824K
  class space    used 6469K, capacity 7012K, committed 7040K, reserved 1048576K
GC Heap History (10 events):
Event: 2.711 GC heap before
{Heap before GC invocations=3 (full 0):
 garbage-first heap   total 262144K, used 38175K [0x0000000701000000, 0x0000000800000000)
  region size 1024K, 35 young (35840K), 4 survivors (4096K)
 Metaspace       used 31755K, capacity 32116K, committed 32432K, reserved 1079296K
  class space    used 3371K, capacity 3518K, committed 3584K, reserved 1048576K
}
Event: 2.716 GC heap after
{Heap after GC invocations=4 (full 0):
 garbage-first heap   total 262144K, used 9746K [0x0000000701000000, 0x0000000800000000)
  region size 1024K, 5 young (5120K), 5 survivors (5120K)
 Metaspace       used 31755K, capacity 32116K, committed 32432K, reserved 1079296K
  class space    used 3371K, capacity 3518K, committed 3584K, reserved 1048576K
}
Event: 2.941 GC heap before
{Heap before GC invocations=4 (full 0):
 garbage-first heap   total 262144K, used 18962K [0x0000000701000000, 0x0000000800000000)
  region size 1024K, 15 young (15360K), 5 survivors (5120K)
 Metaspace       used 35337K, capacity 35747K, committed 35888K, reserved 1081344K
  class space    used 3970K, capacity 4129K, committed 4224K, reserved 1048576K
}
Event: 2.944 GC heap after
{Heap after GC invocations=5 (full 0):
 garbage-first heap   total 262144K, used 10843K [0x0000000701000000, 0x0000000800000000)
  region size 1024K, 1 young (1024K), 1 survivors (1024K)
 Metaspace       used 35337K, capacity 35747K, committed 35888K, reserved 1081344K
  class space    used 3970K, capacity 4129K, committed 4224K, reserved 1048576K
}
Event: 4.406 GC heap before
{Heap before GC invocations=6 (full 0):
 garbage-first heap   total 262144K, used 69211K [0x0000000701000000, 0x0000000800000000)
  region size 1024K, 56 young (57344K), 1 survivors (1024K)
 Metaspace       used 45786K, capacity 46453K, committed 46640K, reserved 1091584K
  class space    used 5181K, capacity 5445K, committed 5504K, reserved 1048576K
}
Event: 4.412 GC heap after
{Heap after GC invocations=7 (full 0):
 garbage-first heap   total 262144K, used 22033K [0x0000000701000000, 0x0000000800000000)
  region size 1024K, 7 young (7168K), 7 survivors (7168K)
 Metaspace       used 45786K, capacity 46453K, committed 46640K, reserved 1091584K
  class space    used 5181K, capacity 5445K, committed 5504K, reserved 1048576K
}
Event: 5.623 GC heap before
{Heap before GC invocations=7 (full 0):
 garbage-first heap   total 262144K, used 118289K [0x0000000701000000, 0x0000000800000000)
  region size 1024K, 95 young (97280K), 7 survivors (7168K)
 Metaspace       used 54758K, capacity 55870K, committed 56112K, reserved 1099776K
  class space    used 6184K, capacity 6665K, committed 6784K, reserved 1048576K
}
Event: 5.638 GC heap after
{Heap after GC invocations=8 (full 0):
 garbage-first heap   total 262144K, used 52099K [0x0000000701000000, 0x0000000800000000)
  region size 1024K, 12 young (12288K), 12 survivors (12288K)
 Metaspace       used 54758K, capacity 55870K, committed 56112K, reserved 1099776K
  class space    used 6184K, capacity 6665K, committed 6784K, reserved 1048576K
}
Event: 6.885 GC heap before
{Heap before GC invocations=8 (full 0):
 garbage-first heap   total 262144K, used 152451K [0x0000000701000000, 0x0000000800000000)
  region size 1024K, 104 young (106496K), 12 survivors (12288K)
 Metaspace       used 58048K, capacity 59351K, committed 59440K, reserved 1101824K
  class space    used 6466K, capacity 7011K, committed 7040K, reserved 1048576K
}
Event: 6.899 GC heap after
{Heap after GC invocations=9 (full 0):
 garbage-first heap   total 262144K, used 83968K [0x0000000701000000, 0x0000000800000000)
  region size 1024K, 13 young (13312K), 13 survivors (13312K)
 Metaspace       used 58048K, capacity 59351K, committed 59440K, reserved 1101824K
  class space    used 6466K, capacity 7011K, committed 7040K, reserved 1048576K
}

