# JRE version: Java(TM) SE Runtime Environment (11.0.1+13) (build 11.0.1+13-LTS)
# Java VM: Java HotSpot(TM) 64-Bit Server VM (11.0.1+13-LTS, mixed mode, tiered, compressed oops, g1 gc, windows-amd64)
Heap:
 garbage-first heap   total 262144K, used 119946K [0x0000000701000000, 0x0000000800000000)
  region size 1024K, 99 young (101376K), 8 survivors (8192K)
 Metaspace       used 53039K, capacity 54186K, committed 54400K, reserved 1097728K
  class space    used 5969K, capacity 6441K, committed 6528K, reserved 1048576K
GC Heap History (10 events):
Event: 0.685 GC heap before
{Heap before GC invocations=0 (full 0):
 garbage-first heap   total 262144K, used 25600K [0x0000000701000000, 0x0000000800000000)
  region size 1024K, 24 young (24576K), 0 survivors (0K)
 Metaspace       used 17696K, capacity 18020K, committed 18176K, reserved 1064960K
  class space    used 1899K, capacity 2030K, committed 2048K, reserved 1048576K
}
Event: 0.689 GC heap after
{Heap after GC invocations=1 (full 0):
 garbage-first heap   total 262144K, used 4926K [0x0000000701000000, 0x0000000800000000)
  region size 1024K, 3 young (3072K), 3 survivors (3072K)
 Metaspace       used 17696K, capacity 18020K, committed 18176K, reserved 1064960K
  class space    used 1899K, capacity 2030K, committed 2048K, reserved 1048576K
}
Event: 0.841 GC heap before
{Heap before GC invocations=1 (full 0):
 garbage-first heap   total 262144K, used 12094K [0x0000000701000000, 0x0000000800000000)
  region size 1024K, 11 young (11264K), 3 survivors (3072K)
 Metaspace       used 20849K, capacity 21105K, committed 21248K, reserved 1069056K
  class space    used 2313K, capacity 2456K, committed 2560K, reserved 1048576K
}
Event: 0.845 GC heap after
{Heap after GC invocations=2 (full 0):
 garbage-first heap   total 262144K, used 5938K [0x0000000701000000, 0x0000000800000000)
  region size 1024K, 4 young (4096K), 4 survivors (4096K)
 Metaspace       used 20849K, capacity 21105K, committed 21248K, reserved 1069056K
  class space    used 2313K, capacity 2456K, committed 2560K, reserved 1048576K
}
Event: 3.649 GC heap before
{Heap before GC invocations=3 (full 0):
 garbage-first heap   total 262144K, used 31538K [0x0000000701000000, 0x0000000800000000)
  region size 1024K, 29 young (29696K), 4 survivors (4096K)
 Metaspace       used 30656K, capacity 31023K, committed 31104K, reserved 1077248K
  class space    used 3244K, capacity 3400K, committed 3456K, reserved 1048576K
}
Event: 3.655 GC heap after
{Heap after GC invocations=4 (full 0):
 garbage-first heap   total 262144K, used 10086K [0x0000000701000000, 0x0000000800000000)
  region size 1024K, 4 young (4096K), 4 survivors (4096K)
 Metaspace       used 30656K, capacity 31023K, committed 31104K, reserved 1077248K
  class space    used 3244K, capacity 3400K, committed 3456K, reserved 1048576K
}
Event: 3.954 GC heap before
{Heap before GC invocations=4 (full 0):
 garbage-first heap   total 262144K, used 26470K [0x0000000701000000, 0x0000000800000000)
  region size 1024K, 21 young (21504K), 4 survivors (4096K)
 Metaspace       used 35236K, capacity 35715K, committed 35840K, reserved 1081344K
  class space    used 3942K, capacity 4151K, committed 4224K, reserved 1048576K
}
Event: 3.957 GC heap after
{Heap after GC invocations=5 (full 0):
 garbage-first heap   total 262144K, used 10510K [0x0000000701000000, 0x0000000800000000)
  region size 1024K, 4 young (4096K), 4 survivors (4096K)
 Metaspace       used 35236K, capacity 35715K, committed 35840K, reserved 1081344K
  class space    used 3942K, capacity 4151K, committed 4224K, reserved 1048576K
}
Event: 5.546 GC heap before
{Heap before GC invocations=6 (full 0):
 garbage-first heap   total 262144K, used 80142K [0x0000000701000000, 0x0000000800000000)
  region size 1024K, 64 young (65536K), 4 survivors (4096K)
 Metaspace       used 50497K, capacity 51626K, committed 51968K, reserved 1095680K
  class space    used 5843K, capacity 6301K, committed 6400K, reserved 1048576K
}
Event: 5.554 GC heap after
{Heap after GC invocations=7 (full 0):
 garbage-first heap   total 262144K, used 23690K [0x0000000701000000, 0x0000000800000000)
  region size 1024K, 8 young (8192K), 8 survivors (8192K)
 Metaspace       used 50497K, capacity 51626K, committed 51968K, reserved 1095680K
  class space    used 5843K, capacity 6301K, committed 6400K, reserved 1048576K
}

