# JRE version: Java(TM) SE Runtime Environment (11.0.1+13) (build 11.0.1+13-LTS)
# Java VM: Java HotSpot(TM) 64-Bit Server VM (11.0.1+13-LTS, mixed mode, tiered, compressed oops, g1 gc, windows-amd64)
Heap:
 garbage-first heap   total 262144K, used 73908K [0x0000000701000000, 0x0000000800000000)
  region size 1024K, 43 young (44032K), 19 survivors (19456K)
 Metaspace       used 58084K, capacity 59306K, committed 59440K, reserved 1101824K
  class space    used 6451K, capacity 6980K, committed 7040K, reserved 1048576K
GC Heap History (10 events):
Event: 1.096 GC heap before
{Heap before GC invocations=1 (full 0):
 garbage-first heap   total 262144K, used 15697K [0x0000000701000000, 0x0000000800000000)
  region size 1024K, 15 young (15360K), 3 survivors (3072K)
 Metaspace       used 20907K, capacity 21180K, committed 21296K, reserved 1069056K
  class space    used 2314K, capacity 2432K, committed 2432K, reserved 1048576K
}
Event: 1.102 GC heap after
{Heap after GC invocations=2 (full 0):
 garbage-first heap   total 262144K, used 5457K [0x0000000701000000, 0x0000000800000000)
  region size 1024K, 4 young (4096K), 4 survivors (4096K)
 Metaspace       used 20907K, capacity 21180K, committed 21296K, reserved 1069056K
  class space    used 2314K, capacity 2432K, committed 2432K, reserved 1048576K
}
Event: 2.621 GC heap before
{Heap before GC invocations=3 (full 0):
 garbage-first heap   total 262144K, used 38225K [0x0000000701000000, 0x0000000800000000)
  region size 1024K, 36 young (36864K), 4 survivors (4096K)
 Metaspace       used 31705K, capacity 32093K, committed 32176K, reserved 1077248K
  class space    used 3376K, capacity 3534K, committed 3584K, reserved 1048576K
}
Event: 2.626 GC heap after
{Heap after GC invocations=4 (full 0):
 garbage-first heap   total 262144K, used 9773K [0x0000000701000000, 0x0000000800000000)
  region size 1024K, 5 young (5120K), 5 survivors (5120K)
 Metaspace       used 31705K, capacity 32093K, committed 32176K, reserved 1077248K
  class space    used 3376K, capacity 3534K, committed 3584K, reserved 1048576K
}
Event: 2.840 GC heap before
{Heap before GC invocations=4 (full 0):
 garbage-first heap   total 262144K, used 18989K [0x0000000701000000, 0x0000000800000000)
  region size 1024K, 15 young (15360K), 5 survivors (5120K)
 Metaspace       used 35142K, capacity 35508K, committed 35632K, reserved 1081344K
  class space    used 3959K, capacity 4116K, committed 4224K, reserved 1048576K
}
Event: 2.844 GC heap after
{Heap after GC invocations=5 (full 0):
 garbage-first heap   total 262144K, used 10606K [0x0000000701000000, 0x0000000800000000)
  region size 1024K, 6 young (6144K), 6 survivors (6144K)
 Metaspace       used 35142K, capacity 35508K, committed 35632K, reserved 1081344K
  class space    used 3959K, capacity 4116K, committed 4224K, reserved 1048576K
}
Event: 4.932 GC heap before
{Heap before GC invocations=6 (full 0):
 garbage-first heap   total 262144K, used 98670K [0x0000000701000000, 0x0000000800000000)
  region size 1024K, 84 young (86016K), 6 survivors (6144K)
 Metaspace       used 52495K, capacity 53555K, committed 53808K, reserved 1097728K
  class space    used 6006K, capacity 6446K, committed 6528K, reserved 1048576K
}
Event: 4.944 GC heap after
{Heap after GC invocations=7 (full 0):
 garbage-first heap   total 262144K, used 27642K [0x0000000701000000, 0x0000000800000000)
  region size 1024K, 11 young (11264K), 11 survivors (11264K)
 Metaspace       used 52495K, capacity 53555K, committed 53808K, reserved 1097728K
  class space    used 6006K, capacity 6446K, committed 6528K, reserved 1048576K
}
Event: 6.589 GC heap before
{Heap before GC invocations=7 (full 0):
 garbage-first heap   total 262144K, used 177146K [0x0000000701000000, 0x0000000800000000)
  region size 1024K, 152 young (155648K), 11 survivors (11264K)
 Metaspace       used 57219K, capacity 58436K, committed 58544K, reserved 1101824K
  class space    used 6372K, capacity 6907K, committed 6912K, reserved 1048576K
}
Event: 6.604 GC heap after
{Heap after GC invocations=8 (full 0):
 garbage-first heap   total 262144K, used 50356K [0x0000000701000000, 0x0000000800000000)
  region size 1024K, 19 young (19456K), 19 survivors (19456K)
 Metaspace       used 57219K, capacity 58436K, committed 58544K, reserved 1101824K
  class space    used 6372K, capacity 6907K, committed 6912K, reserved 1048576K
}

