# JRE version: Java(TM) SE Runtime Environment (11.0.1+13) (build 11.0.1+13-LTS)
# Java VM: Java HotSpot(TM) 64-Bit Server VM (11.0.1+13-LTS, mixed mode, tiered, compressed oops, g1 gc, windows-amd64)
Heap:
 garbage-first heap   total 262144K, used 173953K [0x0000000701000000, 0x0000000800000000)
  region size 1024K, 67 young (68608K), 6 survivors (6144K)
 Metaspace       used 64100K, capacity 65325K, committed 65448K, reserved 1107968K
  class space    used 6799K, capacity 7316K, committed 7424K, reserved 1048576K
GC Heap History (10 events):
Event: 4.043 GC heap before
{Heap before GC invocations=3 (full 0):
 garbage-first heap   total 262144K, used 27140K [0x0000000701000000, 0x0000000800000000)
  region size 1024K, 26 young (26624K), 5 survivors (5120K)
 Metaspace       used 30561K, capacity 30976K, committed 31280K, reserved 1077248K
  class space    used 3216K, capacity 3373K, committed 3456K, reserved 1048576K
}
Event: 4.048 GC heap after
{Heap after GC invocations=4 (full 0):
 garbage-first heap   total 262144K, used 8486K [0x0000000701000000, 0x0000000800000000)
  region size 1024K, 4 young (4096K), 4 survivors (4096K)
 Metaspace       used 30561K, capacity 30976K, committed 31280K, reserved 1077248K
  class space    used 3216K, capacity 3373K, committed 3456K, reserved 1048576K
}
Event: 8.100 GC heap before
{Heap before GC invocations=4 (full 0):
 garbage-first heap   total 262144K, used 28966K [0x0000000701000000, 0x0000000800000000)
  region size 1024K, 25 young (25600K), 4 survivors (4096K)
 Metaspace       used 35163K, capacity 35512K, committed 35632K, reserved 1081344K
  class space    used 3957K, capacity 4115K, committed 4224K, reserved 1048576K
}
Event: 8.107 GC heap after
{Heap after GC invocations=5 (full 0):
 garbage-first heap   total 262144K, used 10970K [0x0000000701000000, 0x0000000800000000)
  region size 1024K, 7 young (7168K), 7 survivors (7168K)
 Metaspace       used 35163K, capacity 35512K, committed 35632K, reserved 1081344K
  class space    used 3957K, capacity 4115K, committed 4224K, reserved 1048576K
}
Event: 11.331 GC heap before
{Heap before GC invocations=6 (full 0):
 garbage-first heap   total 262144K, used 103130K [0x0000000701000000, 0x0000000800000000)
  region size 1024K, 89 young (91136K), 7 survivors (7168K)
 Metaspace       used 51420K, capacity 52407K, committed 52656K, reserved 1095680K
  class space    used 5874K, capacity 6317K, committed 6400K, reserved 1048576K
}
Event: 11.344 GC heap after
{Heap after GC invocations=7 (full 0):
 garbage-first heap   total 262144K, used 34019K [0x0000000701000000, 0x0000000800000000)
  region size 1024K, 12 young (12288K), 12 survivors (12288K)
 Metaspace       used 51420K, capacity 52407K, committed 52656K, reserved 1095680K
  class space    used 5874K, capacity 6317K, committed 6400K, reserved 1048576K
}
Event: 12.695 GC heap before
{Heap before GC invocations=7 (full 0):
 garbage-first heap   total 262144K, used 140515K [0x0000000701000000, 0x0000000800000000)
  region size 1024K, 116 young (118784K), 12 survivors (12288K)
 Metaspace       used 58498K, capacity 59614K, committed 59816K, reserved 1101824K
  class space    used 6380K, capacity 6892K, committed 6912K, reserved 1048576K
}
Event: 12.742 GC heap after
{Heap after GC invocations=8 (full 0):
 garbage-first heap   total 262144K, used 96428K [0x0000000701000000, 0x0000000800000000)
  region size 1024K, 16 young (16384K), 16 survivors (16384K)
 Metaspace       used 58498K, capacity 59614K, committed 59816K, reserved 1101824K
  class space    used 6380K, capacity 6892K, committed 6912K, reserved 1048576K
}
Event: 18.192 GC heap before
{Heap before GC invocations=9 (full 0):
 garbage-first heap   total 262144K, used 157868K [0x0000000701000000, 0x0000000800000000)
  region size 1024K, 77 young (78848K), 16 survivors (16384K)
 Metaspace       used 61826K, capacity 63018K, committed 63272K, reserved 1105920K
  class space    used 6650K, capacity 7169K, committed 7296K, reserved 1048576K
}
Event: 18.237 GC heap after
{Heap after GC invocations=10 (full 0):
 garbage-first heap   total 262144K, used 102273K [0x0000000701000000, 0x0000000800000000)
  region size 1024K, 6 young (6144K), 6 survivors (6144K)
 Metaspace       used 61826K, capacity 63018K, committed 63272K, reserved 1105920K
  class space    used 6650K, capacity 7169K, committed 7296K, reserved 1048576K
}

