# JRE version: Java(TM) SE Runtime Environment (11.0.1+13) (build 11.0.1+13-LTS)
# Java VM: Java HotSpot(TM) 64-Bit Server VM (11.0.1+13-LTS, mixed mode, tiered, compressed oops, g1 gc, windows-amd64)
Heap:
 garbage-first heap   total 262144K, used 101748K [0x0000000701000000, 0x0000000800000000)
  region size 1024K, 73 young (74752K), 19 survivors (19456K)
 Metaspace       used 58070K, capacity 59329K, committed 59440K, reserved 1101824K
  class space    used 6468K, capacity 7011K, committed 7040K, reserved 1048576K
GC Heap History (10 events):
Event: 1.081 GC heap before
{Heap before GC invocations=1 (full 0):
 garbage-first heap   total 262144K, used 15761K [0x0000000701000000, 0x0000000800000000)
  region size 1024K, 15 young (15360K), 3 survivors (3072K)
 Metaspace       used 20934K, capacity 21234K, committed 21296K, reserved 1069056K
  class space    used 2321K, capacity 2429K, committed 2432K, reserved 1048576K
}
Event: 1.086 GC heap after
{Heap after GC invocations=2 (full 0):
 garbage-first heap   total 262144K, used 5404K [0x0000000701000000, 0x0000000800000000)
  region size 1024K, 4 young (4096K), 4 survivors (4096K)
 Metaspace       used 20934K, capacity 21234K, committed 21296K, reserved 1069056K
  class space    used 2321K, capacity 2429K, committed 2432K, reserved 1048576K
}
Event: 2.632 GC heap before
{Heap before GC invocations=3 (full 0):
 garbage-first heap   total 262144K, used 38172K [0x0000000701000000, 0x0000000800000000)
  region size 1024K, 35 young (35840K), 4 survivors (4096K)
 Metaspace       used 31715K, capacity 32116K, committed 32432K, reserved 1079296K
  class space    used 3368K, capacity 3518K, committed 3584K, reserved 1048576K
}
Event: 2.638 GC heap after
{Heap after GC invocations=4 (full 0):
 garbage-first heap   total 262144K, used 10000K [0x0000000701000000, 0x0000000800000000)
  region size 1024K, 5 young (5120K), 5 survivors (5120K)
 Metaspace       used 31715K, capacity 32116K, committed 32432K, reserved 1079296K
  class space    used 3368K, capacity 3518K, committed 3584K, reserved 1048576K
}
Event: 2.873 GC heap before
{Heap before GC invocations=4 (full 0):
 garbage-first heap   total 262144K, used 19216K [0x0000000701000000, 0x0000000800000000)
  region size 1024K, 15 young (15360K), 5 survivors (5120K)
 Metaspace       used 35333K, capacity 35747K, committed 35888K, reserved 1081344K
  class space    used 3970K, capacity 4129K, committed 4224K, reserved 1048576K
}
Event: 2.876 GC heap after
{Heap after GC invocations=5 (full 0):
 garbage-first heap   total 262144K, used 10836K [0x0000000701000000, 0x0000000800000000)
  region size 1024K, 2 young (2048K), 2 survivors (2048K)
 Metaspace       used 35333K, capacity 35747K, committed 35888K, reserved 1081344K
  class space    used 3970K, capacity 4129K, committed 4224K, reserved 1048576K
}
Event: 4.407 GC heap before
{Heap before GC invocations=6 (full 0):
 garbage-first heap   total 262144K, used 68180K [0x0000000701000000, 0x0000000800000000)
  region size 1024K, 56 young (57344K), 2 survivors (2048K)
 Metaspace       used 45473K, capacity 46153K, committed 46384K, reserved 1089536K
  class space    used 5121K, capacity 5409K, committed 5504K, reserved 1048576K
}
Event: 4.412 GC heap after
{Heap after GC invocations=7 (full 0):
 garbage-first heap   total 262144K, used 21371K [0x0000000701000000, 0x0000000800000000)
  region size 1024K, 7 young (7168K), 7 survivors (7168K)
 Metaspace       used 45473K, capacity 46153K, committed 46384K, reserved 1089536K
  class space    used 5121K, capacity 5409K, committed 5504K, reserved 1048576K
}
Event: 6.178 GC heap before
{Heap before GC invocations=7 (full 0):
 garbage-first heap   total 262144K, used 169851K [0x0000000701000000, 0x0000000800000000)
  region size 1024K, 145 young (148480K), 7 survivors (7168K)
 Metaspace       used 55704K, capacity 56817K, committed 56880K, reserved 1099776K
  class space    used 6267K, capacity 6750K, committed 6784K, reserved 1048576K
}
Event: 6.190 GC heap after
{Heap after GC invocations=8 (full 0):
 garbage-first heap   total 262144K, used 42356K [0x0000000701000000, 0x0000000800000000)
  region size 1024K, 19 young (19456K), 19 survivors (19456K)
 Metaspace       used 55704K, capacity 56817K, committed 56880K, reserved 1099776K
  class space    used 6267K, capacity 6750K, committed 6784K, reserved 1048576K
}

