# JRE version: Java(TM) SE Runtime Environment (11.0.1+13) (build 11.0.1+13-LTS)
# Java VM: Java HotSpot(TM) 64-Bit Server VM (11.0.1+13-LTS, mixed mode, tiered, compressed oops, g1 gc, windows-amd64)
Heap:
 garbage-first heap   total 262144K, used 93247K [0x0000000701000000, 0x0000000800000000)
  region size 1024K, 58 young (59392K), 20 survivors (20480K)
 Metaspace       used 58326K, capacity 59608K, committed 59696K, reserved 1101824K
  class space    used 6474K, capacity 7015K, committed 7040K, reserved 1048576K
GC Heap History (10 events):
Event: 2.463 GC heap before
{Heap before GC invocations=1 (full 0):
 garbage-first heap   total 262144K, used 15708K [0x0000000701000000, 0x0000000800000000)
  region size 1024K, 15 young (15360K), 3 survivors (3072K)
 Metaspace       used 20952K, capacity 21234K, committed 21296K, reserved 1069056K
  class space    used 2322K, capacity 2429K, committed 2432K, reserved 1048576K
}
Event: 2.469 GC heap after
{Heap after GC invocations=2 (full 0):
 garbage-first heap   total 262144K, used 5321K [0x0000000701000000, 0x0000000800000000)
  region size 1024K, 4 young (4096K), 4 survivors (4096K)
 Metaspace       used 20952K, capacity 21234K, committed 21296K, reserved 1069056K
  class space    used 2322K, capacity 2429K, committed 2432K, reserved 1048576K
}
Event: 4.870 GC heap before
{Heap before GC invocations=3 (full 0):
 garbage-first heap   total 262144K, used 39113K [0x0000000701000000, 0x0000000800000000)
  region size 1024K, 36 young (36864K), 4 survivors (4096K)
 Metaspace       used 31762K, capacity 32181K, committed 32432K, reserved 1079296K
  class space    used 3364K, capacity 3518K, committed 3584K, reserved 1048576K
}
Event: 4.875 GC heap after
{Heap after GC invocations=4 (full 0):
 garbage-first heap   total 262144K, used 9501K [0x0000000701000000, 0x0000000800000000)
  region size 1024K, 5 young (5120K), 5 survivors (5120K)
 Metaspace       used 31762K, capacity 32181K, committed 32432K, reserved 1079296K
  class space    used 3364K, capacity 3518K, committed 3584K, reserved 1048576K
}
Event: 8.939 GC heap before
{Heap before GC invocations=4 (full 0):
 garbage-first heap   total 262144K, used 20765K [0x0000000701000000, 0x0000000800000000)
  region size 1024K, 17 young (17408K), 5 survivors (5120K)
 Metaspace       used 35328K, capacity 35745K, committed 35888K, reserved 1081344K
  class space    used 3955K, capacity 4128K, committed 4224K, reserved 1048576K
}
Event: 8.943 GC heap after
{Heap after GC invocations=5 (full 0):
 garbage-first heap   total 262144K, used 10898K [0x0000000701000000, 0x0000000800000000)
  region size 1024K, 6 young (6144K), 6 survivors (6144K)
 Metaspace       used 35328K, capacity 35745K, committed 35888K, reserved 1081344K
  class space    used 3955K, capacity 4128K, committed 4224K, reserved 1048576K
}
Event: 12.499 GC heap before
{Heap before GC invocations=6 (full 0):
 garbage-first heap   total 262144K, used 70290K [0x0000000701000000, 0x0000000800000000)
  region size 1024K, 62 young (63488K), 6 survivors (6144K)
 Metaspace       used 46699K, capacity 47345K, committed 47536K, reserved 1091584K
  class space    used 5266K, capacity 5550K, committed 5632K, reserved 1048576K
}
Event: 12.508 GC heap after
{Heap after GC invocations=7 (full 0):
 garbage-first heap   total 262144K, used 20255K [0x0000000701000000, 0x0000000800000000)
  region size 1024K, 8 young (8192K), 8 survivors (8192K)
 Metaspace       used 46699K, capacity 47345K, committed 47536K, reserved 1091584K
  class space    used 5266K, capacity 5550K, committed 5632K, reserved 1048576K
}
Event: 15.564 GC heap before
{Heap before GC invocations=7 (full 0):
 garbage-first heap   total 262144K, used 179999K [0x0000000701000000, 0x0000000800000000)
  region size 1024K, 153 young (156672K), 8 survivors (8192K)
 Metaspace       used 56762K, capacity 57878K, committed 58032K, reserved 1099776K
  class space    used 6331K, capacity 6823K, committed 6912K, reserved 1048576K
}
Event: 15.581 GC heap after
{Heap after GC invocations=8 (full 0):
 garbage-first heap   total 262144K, used 44095K [0x0000000701000000, 0x0000000800000000)
  region size 1024K, 20 young (20480K), 20 survivors (20480K)
 Metaspace       used 56762K, capacity 57878K, committed 58032K, reserved 1099776K
  class space    used 6331K, capacity 6823K, committed 6912K, reserved 1048576K
}

